<?xml version="1.0" encoding="UTF-8"?>
<testng-results skipped="0" failed="0" ignored="0" total="1" passed="1">
  <reporter-output>
  </reporter-output>
  <suite name="Default suite" duration-ms="13988" started-at="2019-11-30T03:35:01 PST" finished-at="2019-11-30T03:35:15 PST">
    <groups>
    </groups>
    <test name="Default test" duration-ms="13988" started-at="2019-11-30T03:35:01 PST" finished-at="2019-11-30T03:35:15 PST">
      <class name="crm.pom.testdata.HomepageTest">
        <test-method status="PASS" signature="setup()[pri:0, instance:crm.pom.testdata.HomepageTest@140e5a13]" name="setup" is-config="true" duration-ms="12690" started-at="2019-11-30T03:35:01 PST" finished-at="2019-11-30T03:35:14 PST">
          <reporter-output>
          </reporter-output>
        </test-method> <!-- setup -->
        <test-method status="PASS" signature="verifyhomepagetitile()[pri:0, instance:crm.pom.testdata.HomepageTest@140e5a13]" name="verifyhomepagetitile" duration-ms="1202" started-at="2019-11-30T03:35:14 PST" finished-at="2019-11-30T03:35:15 PST">
          <reporter-output>
          </reporter-output>
        </test-method> <!-- verifyhomepagetitile -->
        <test-method status="PASS" signature="close()[pri:0, instance:crm.pom.testdata.HomepageTest@140e5a13]" name="close" is-config="true" duration-ms="72" started-at="2019-11-30T03:35:15 PST" finished-at="2019-11-30T03:35:15 PST">
          <reporter-output>
          </reporter-output>
        </test-method> <!-- close -->
      </class> <!-- crm.pom.testdata.HomepageTest -->
    </test> <!-- Default test -->
  </suite> <!-- Default suite -->
</testng-results>
